<?xml version="1.0" encoding="UTF-8"?>
<testng-results ignored="0" total="4" passed="3" failed="1" skipped="0">
  <reporter-output>
  </reporter-output>
  <suite started-at="2022-08-11T10:44:56 IST" name="Suite" finished-at="2022-08-11T10:46:10 IST" duration-ms="73839">
    <groups>
    </groups>
    <test started-at="2022-08-11T10:44:56 IST" name="Test" finished-at="2022-08-11T10:46:10 IST" duration-ms="73839">
      <class name="oneClick.oneClickTDD.oneClickLogin">
        <test-method is-config="true" signature="drivercalling()[pri:0, instance:oneClick.oneClickTDD.oneClickLogin@74589991]" started-at="2022-08-11T10:44:56 IST" name="drivercalling" finished-at="2022-08-11T10:45:34 IST" duration-ms="37861" status="PASS">
          <reporter-output>
          </reporter-output>
        </test-method> <!-- drivercalling -->
        <test-method signature="loginOneClick()[pri:1, instance:oneClick.oneClickTDD.oneClickLogin@74589991]" started-at="2022-08-11T10:45:34 IST" name="loginOneClick" finished-at="2022-08-11T10:45:48 IST" duration-ms="13868" status="PASS">
          <reporter-output>
          </reporter-output>
        </test-method> <!-- loginOneClick -->
        <test-method signature="verifyLoginPageTitle()[pri:2, instance:oneClick.oneClickTDD.oneClickLogin@74589991]" started-at="2022-08-11T10:45:48 IST" name="verifyLoginPageTitle" finished-at="2022-08-11T10:45:48 IST" duration-ms="526" status="FAIL">
          <exception class="java.lang.AssertionError">
            <message>
              <![CDATA[expected [Log in to get start] but found [Log in to get started]]]>
            </message>
            <full-stacktrace>
              <![CDATA[java.lang.AssertionError: expected [Log in to get start] but found [Log in to get started]
at org.testng.Assert.fail(Assert.java:99)
at org.testng.Assert.failNotEquals(Assert.java:1037)
at org.testng.Assert.assertEqualsImpl(Assert.java:140)
at org.testng.Assert.assertEquals(Assert.java:122)
at org.testng.Assert.assertEquals(Assert.java:629)
at org.testng.Assert.assertEquals(Assert.java:639)
at oneClick.oneClickTDD.loginPage.verifyLoginPageTitle(loginPage.java:65)
at oneClick.oneClickTDD.oneClickLogin.verifyLoginPageTitle(oneClickLogin.java:46)
at java.base/jdk.internal.reflect.NativeMethodAccessorImpl.invoke0(Native Method)
at java.base/jdk.internal.reflect.NativeMethodAccessorImpl.invoke(NativeMethodAccessorImpl.java:77)
at java.base/jdk.internal.reflect.DelegatingMethodAccessorImpl.invoke(DelegatingMethodAccessorImpl.java:43)
at java.base/java.lang.reflect.Method.invoke(Method.java:568)
at org.testng.internal.MethodInvocationHelper.invokeMethod(MethodInvocationHelper.java:133)
at org.testng.internal.TestInvoker.invokeMethod(TestInvoker.java:598)
at org.testng.internal.TestInvoker.invokeTestMethod(TestInvoker.java:173)
at org.testng.internal.MethodRunner.runInSequence(MethodRunner.java:46)
at org.testng.internal.TestInvoker$MethodInvocationAgent.invoke(TestInvoker.java:824)
at org.testng.internal.TestInvoker.invokeTestMethods(TestInvoker.java:146)
at org.testng.internal.TestMethodWorker.invokeTestMethods(TestMethodWorker.java:146)
at org.testng.internal.TestMethodWorker.run(TestMethodWorker.java:128)
at java.base/java.util.ArrayList.forEach(ArrayList.java:1511)
at org.testng.TestRunner.privateRun(TestRunner.java:794)
at org.testng.TestRunner.run(TestRunner.java:596)
at org.testng.SuiteRunner.runTest(SuiteRunner.java:377)
at org.testng.SuiteRunner.runSequentially(SuiteRunner.java:371)
at org.testng.SuiteRunner.privateRun(SuiteRunner.java:332)
at org.testng.SuiteRunner.run(SuiteRunner.java:276)
at org.testng.SuiteRunnerWorker.runSuite(SuiteRunnerWorker.java:53)
at org.testng.SuiteRunnerWorker.run(SuiteRunnerWorker.java:96)
at org.testng.TestNG.runSuitesSequentially(TestNG.java:1212)
at org.testng.TestNG.runSuitesLocally(TestNG.java:1134)
at org.testng.TestNG.runSuites(TestNG.java:1063)
at org.testng.TestNG.run(TestNG.java:1031)
at org.testng.remote.AbstractRemoteTestNG.run(AbstractRemoteTestNG.java:115)
at org.testng.remote.RemoteTestNG.initAndRun(RemoteTestNG.java:251)
at org.testng.remote.RemoteTestNG.main(RemoteTestNG.java:77)
]]>
            </full-stacktrace>
          </exception> <!-- java.lang.AssertionError -->
          <reporter-output>
          </reporter-output>
        </test-method> <!-- verifyLoginPageTitle -->
        <test-method signature="resetLoginPage()[pri:3, instance:oneClick.oneClickTDD.oneClickLogin@74589991]" started-at="2022-08-11T10:45:49 IST" name="resetLoginPage" finished-at="2022-08-11T10:45:58 IST" duration-ms="9955" status="PASS">
          <reporter-output>
          </reporter-output>
        </test-method> <!-- resetLoginPage -->
        <test-method signature="forgetPassword()[pri:4, instance:oneClick.oneClickTDD.oneClickLogin@74589991]" started-at="2022-08-11T10:45:59 IST" name="forgetPassword" finished-at="2022-08-11T10:46:03 IST" duration-ms="4937" status="PASS">
          <reporter-output>
          </reporter-output>
        </test-method> <!-- forgetPassword -->
        <test-method is-config="true" signature="driverQuit()[pri:0, instance:oneClick.oneClickTDD.oneClickLogin@74589991]" started-at="2022-08-11T10:46:03 IST" name="driverQuit" finished-at="2022-08-11T10:46:10 IST" duration-ms="6371" status="PASS">
          <reporter-output>
          </reporter-output>
        </test-method> <!-- driverQuit -->
      </class> <!-- oneClick.oneClickTDD.oneClickLogin -->
    </test> <!-- Test -->
  </suite> <!-- Suite -->
</testng-results>
